  Config.cpp
  Aimbot.cpp
  AntiAim.cpp
  Backtrack.cpp
  Chams.cpp
  EnginePrediction.cpp
  Esp.cpp
  Glow.cpp
  Reportbot.cpp
  SkinChanger.cpp
  Triggerbot.cpp
  Visuals.cpp
E:\Software\GD&Code\Game Hacking\Skrrt\Osiris\Hacks\Aimbot.cpp(42,60): warning C4244: '=': conversion from 'double' to 'float', possible loss of data
E:\Software\GD&Code\Game Hacking\Skrrt\Osiris\Hacks\Aimbot.cpp(43,57): warning C4244: '=': conversion from 'double' to 'float', possible loss of data
E:\Software\GD&Code\Game Hacking\Skrrt\Osiris\Hacks\Aimbot.cpp(60,45): warning C4244: '=': conversion from 'double' to 'float', possible loss of data
E:\Software\GD&Code\Game Hacking\Skrrt\Osiris\Hacks\Aimbot.cpp(65,42): warning C4244: '=': conversion from 'double' to 'float', possible loss of data
E:\Software\GD&Code\Game Hacking\Skrrt\Osiris\Hacks\Aimbot.cpp(80,10): warning C4244: '=': conversion from 'double' to 'float', possible loss of data
E:\Software\GD&Code\Game Hacking\Skrrt\Osiris\Hacks\Aimbot.cpp(81,10): warning C4244: '=': conversion from 'double' to 'float', possible loss of data
E:\Software\GD&Code\Game Hacking\Skrrt\Osiris\Hacks\Aimbot.cpp(83,10): warning C4244: '=': conversion from 'double' to 'float', possible loss of data
E:\Software\GD&Code\Game Hacking\Skrrt\Osiris\Hacks\Aimbot.cpp(84,10): warning C4244: '=': conversion from 'double' to 'float', possible loss of data
E:\Software\GD&Code\Game Hacking\Skrrt\Osiris\Hacks\AntiAim.cpp(27,13): warning C4244: 'initializing': conversion from 'double' to 'float', possible loss of data
  imguiCustom.cpp
  Netvars.cpp
  config_.cpp
  Osiris.cpp
  GUI.cpp
  Misc.cpp
  Hooks.cpp
  GlobalVars.cpp
E:\Software\GD&Code\Game Hacking\Skrrt\Osiris\Hacks\Chams.cpp(173,25): warning C4018: '<': signed/unsigned mismatch
E:\Software\GD&Code\Game Hacking\Skrrt\Osiris\Hacks\Misc.h(151,66): warning C4244: 'argument': conversion from 'float' to 'int', possible loss of data (compiling source file Hacks\Misc.cpp)
E:\Software\GD&Code\Game Hacking\Skrrt\Osiris\resolver.h(44,91): warning C4390: ';': empty controlled statement found; is this the intent? (compiling source file Osiris.cpp)
E:\Software\GD&Code\Game Hacking\Skrrt\Osiris\resolver.h(44,91): warning C4390: ';': empty controlled statement found; is this the intent? (compiling source file Hooks.cpp)
E:\Software\GD&Code\Game Hacking\Skrrt\Osiris\Hacks\Misc.h(151,66): warning C4244: 'argument': conversion from 'float' to 'int', possible loss of data (compiling source file Hooks.cpp)
E:\Software\GD&Code\Game Hacking\Skrrt\Osiris\Hacks\Misc.h(151,66): warning C4244: 'argument': conversion from 'float' to 'int', possible loss of data (compiling source file GUI.cpp)
E:\Software\GD&Code\Game Hacking\Skrrt\Osiris\GUI.cpp(416,129): warning C4305: 'argument': truncation from 'int' to 'bool'
E:\Software\GD&Code\Game Hacking\Skrrt\Osiris\GUI.cpp(564,97): warning C4305: 'argument': truncation from 'int' to 'bool'
E:\Software\GD&Code\Game Hacking\Skrrt\Osiris\GUI.cpp(587,97): warning C4305: 'argument': truncation from 'int' to 'bool'
E:\Software\GD&Code\Game Hacking\Skrrt\Osiris\GUI.cpp(708,96): warning C4305: 'argument': truncation from 'int' to 'bool'
E:\Software\GD&Code\Game Hacking\Skrrt\Osiris\GUI.cpp(738,92): warning C4305: 'argument': truncation from 'int' to 'bool'
E:\Software\GD&Code\Game Hacking\Skrrt\Osiris\GUI.cpp(754,96): warning C4305: 'argument': truncation from 'int' to 'bool'
E:\Software\GD&Code\Game Hacking\Skrrt\Osiris\GUI.cpp(1130,93): warning C4305: 'argument': truncation from 'int' to 'bool'
E:\Software\GD&Code\Game Hacking\Skrrt\Osiris\GUI.cpp(1186,96): warning C4305: 'argument': truncation from 'int' to 'bool'
E:\Software\GD&Code\Game Hacking\Skrrt\Osiris\GUI.cpp(1325,95): warning C4305: 'argument': truncation from 'int' to 'bool'
E:\Software\GD&Code\Game Hacking\Skrrt\Osiris\GUI.cpp(1394,92): warning C4305: 'argument': truncation from 'int' to 'bool'
E:\Software\GD&Code\Game Hacking\Skrrt\Osiris\GUI.cpp(1411,97): warning C4305: 'argument': truncation from 'int' to 'bool'
E:\Software\GD&Code\Game Hacking\Skrrt\Osiris\GUI.cpp(1444,92): warning C4305: 'argument': truncation from 'int' to 'bool'
E:\Software\GD&Code\Game Hacking\Skrrt\Osiris\GUI.cpp(1479,95): warning C4305: 'argument': truncation from 'int' to 'bool'
E:\Software\GD&Code\Game Hacking\Skrrt\Osiris\GUI.cpp(1510,101): warning C4305: 'argument': truncation from 'int' to 'bool'
E:\Software\GD&Code\Game Hacking\Skrrt\Osiris\GUI.cpp(1752,98): warning C4305: 'argument': truncation from 'int' to 'bool'
E:\Software\GD&Code\Game Hacking\Skrrt\Osiris\GUI.cpp(1771,95): warning C4305: 'argument': truncation from 'int' to 'bool'
E:\Software\GD&Code\Game Hacking\Skrrt\Osiris\GUI.cpp(1793,96): warning C4305: 'argument': truncation from 'int' to 'bool'
E:\Software\GD&Code\Game Hacking\Skrrt\Osiris\GUI.cpp(1830,94): warning C4305: 'argument': truncation from 'int' to 'bool'
E:\Software\GD&Code\Game Hacking\Skrrt\Osiris\GUI.cpp(1859,96): warning C4305: 'argument': truncation from 'int' to 'bool'
E:\Software\GD&Code\Game Hacking\Skrrt\Osiris\GUI.cpp(2051,98): warning C4305: 'argument': truncation from 'int' to 'bool'
  Osiris.vcxproj -> E:\Software\GD&Code\Game Hacking\Skrrt\Debug\Nanashi.dll
