d:\downloads\skrrt\osiris\release\glow.obj
d:\downloads\skrrt\osiris\release\item_definitions.obj
d:\downloads\skrrt\osiris\release\imgui_demo.obj
d:\downloads\skrrt\osiris\release\imgui_impl_dx9.obj
d:\downloads\skrrt\osiris\release\chams.obj
d:\downloads\skrrt\osiris\release\config_.obj
d:\downloads\skrrt\osiris\release\engineprediction.obj
d:\downloads\skrrt\osiris\release\netvars.obj
d:\downloads\skrrt\osiris\release\backtrack.obj
d:\downloads\skrrt\osiris\release\gui.obj
d:\downloads\skrrt\osiris\release\visuals.obj
d:\downloads\skrrt\osiris\release\imgui_stdlib.obj
d:\downloads\skrrt\osiris\release\imgui_draw.obj
d:\downloads\skrrt\osiris\release\memory.obj
d:\downloads\skrrt\osiris\release\reportbot.obj
d:\downloads\skrrt\osiris\release\misc.obj
d:\downloads\skrrt\osiris\release\esp.obj
d:\downloads\skrrt\osiris\release\platform.obj
d:\downloads\skrrt\osiris\release\imgui_widgets.obj
d:\downloads\skrrt\osiris\release\antiaim.obj
d:\downloads\skrrt\osiris\release\imguicustom.obj
d:\downloads\skrrt\osiris\release\config.obj
d:\downloads\skrrt\osiris\release\imgui.obj
d:\downloads\skrrt\osiris\release\imgui_impl_win32.obj
d:\downloads\skrrt\osiris\release\globalvars.obj
d:\downloads\skrrt\osiris\release\skinchanger.obj
d:\downloads\skrrt\osiris\release\hooks.obj
d:\downloads\skrrt\osiris\release\triggerbot.obj
d:\downloads\skrrt\osiris\release\osiris.obj
d:\downloads\skrrt\osiris\release\aimbot.obj
d:\downloads\skrrt\osiris\release\jsoncpp.obj
d:\downloads\skrrt\release\nanashi.lib
d:\downloads\skrrt\release\nanashi.dll
d:\downloads\skrrt\osiris\release\nanashi.tlog\cl.10324.write.1.tlog
d:\downloads\skrrt\osiris\release\nanashi.tlog\cl.command.1.tlog
d:\downloads\skrrt\osiris\release\nanashi.tlog\cl.read.1.tlog
d:\downloads\skrrt\osiris\release\nanashi.tlog\lib-link.read.1.tlog
d:\downloads\skrrt\osiris\release\nanashi.tlog\lib-link.write.1.tlog
d:\downloads\skrrt\osiris\release\nanashi.tlog\lib.command.1.tlog
